<?xml version="1.0" encoding="UTF-8"?>
<testng-results skipped="0" failed="0" ignored="0" total="2" passed="2">
  <reporter-output>
  </reporter-output>
  <suite name="Default suite" duration-ms="92" started-at="2019-06-08T00:16:37Z" finished-at="2019-06-08T00:16:37Z">
    <groups>
    </groups>
    <test name="Default test" duration-ms="92" started-at="2019-06-08T00:16:37Z" finished-at="2019-06-08T00:16:37Z">
      <class name="Com.Test.FibonaciTest">
        <test-method status="PASS" signature="ZeroInput()[pri:0, instance:Com.Test.FibonaciTest@1810399e]" name="ZeroInput" duration-ms="26" started-at="2019-06-08T00:16:37Z" finished-at="2019-06-08T00:16:37Z">
          <reporter-output>
          </reporter-output>
        </test-method> <!-- ZeroInput -->
        <test-method status="PASS" signature="validInput()[pri:0, instance:Com.Test.FibonaciTest@1810399e]" name="validInput" duration-ms="5" started-at="2019-06-08T00:16:37Z" finished-at="2019-06-08T00:16:37Z">
          <reporter-output>
          </reporter-output>
        </test-method> <!-- validInput -->
      </class> <!-- Com.Test.FibonaciTest -->
    </test> <!-- Default test -->
  </suite> <!-- Default suite -->
</testng-results>
